[debug] [2021-03-30T07:16:53.540Z] ----------------------------------------------------------------------
[debug] [2021-03-30T07:16:53.541Z] Command:       C:\Program Files\nodejs\node.exe C:\Users\user\AppData\Roaming\npm\node_modules\firebase-tools\lib\bin\firebase.js emulators:start
[debug] [2021-03-30T07:16:53.542Z] CLI Version:   9.2.2
[debug] [2021-03-30T07:16:53.542Z] Platform:      win32
[debug] [2021-03-30T07:16:53.542Z] Node Version:  v14.15.3
[debug] [2021-03-30T07:16:53.543Z] Time:          Tue Mar 30 2021 10:16:53 GMT+0300 (Arabian Standard Time)
[debug] [2021-03-30T07:16:53.543Z] ----------------------------------------------------------------------
[debug] [2021-03-30T07:16:53.543Z] 
[debug] [2021-03-30T07:16:53.545Z] >>> [apiv2][query] GET https://firebase-public.firebaseio.com/cli.json [none]
[debug] [2021-03-30T07:16:53.568Z] > command requires scopes: ["email","openid","https://www.googleapis.com/auth/cloudplatformprojects.readonly","https://www.googleapis.com/auth/firebase","https://www.googleapis.com/auth/cloud-platform"]
[debug] [2021-03-30T07:16:53.569Z] > authorizing via signed-in user
[info] i  emulators: Starting emulators: auth, functions, firestore, hosting {"metadata":{"emulator":{"name":"hub"},"message":"Starting emulators: auth, functions, firestore, hosting"}}
[debug] [2021-03-30T07:16:53.586Z] [hub] writing locator at C:\Users\user\AppData\Local\Temp\hub-cp3351-73e9b.json
[warn] !  functions: The following emulators are not running, calls to these services from the Functions emulator will affect production: database, pubsub {"metadata":{"emulator":{"name":"functions"},"message":"The following emulators are not running, calls to these services from the Functions emulator will affect production: \u001b[1mdatabase, pubsub\u001b[22m"}}
[info] +  functions: Using node@14 from host. {"metadata":{"emulator":{"name":"functions"},"message":"Using node@14 from host."}}
[debug] [2021-03-30T07:16:53.611Z] defaultcredentials: writing to file C:\Users\user\AppData\Roaming\firebase\doug_westcott_gmail.com_application_default_credentials.json
[debug] [2021-03-30T07:16:53.613Z] Setting GAC to C:\Users\user\AppData\Roaming\firebase\doug_westcott_gmail.com_application_default_credentials.json {"metadata":{"emulator":{"name":"functions"},"message":"Setting GAC to C:\\Users\\user\\AppData\\Roaming\\firebase\\doug_westcott_gmail.com_application_default_credentials.json"}}
[debug] [2021-03-30T07:16:53.615Z] > refreshing access token with scopes: []
[debug] [2021-03-30T07:16:53.616Z] >>> HTTP REQUEST POST https://www.googleapis.com/oauth2/v3/token  
 <request body omitted>
[debug] [2021-03-30T07:16:53.942Z] <<< HTTP RESPONSE 200 {"pragma":"no-cache","cache-control":"no-cache, no-store, max-age=0, must-revalidate","expires":"Mon, 01 Jan 1990 00:00:00 GMT","date":"Tue, 30 Mar 2021 07:16:53 GMT","content-type":"application/json; charset=utf-8","vary":"X-Origin, Referer, Origin,Accept-Encoding","server":"scaffolding on HTTPServer2","x-xss-protection":"0","x-frame-options":"SAMEORIGIN","x-content-type-options":"nosniff","alt-svc":"h3-29=\":443\"; ma=2592000,h3-T051=\":443\"; ma=2592000,h3-Q050=\":443\"; ma=2592000,h3-Q046=\":443\"; ma=2592000,h3-Q043=\":443\"; ma=2592000,quic=\":443\"; ma=2592000; v=\"46,43\"","accept-ranges":"none","transfer-encoding":"chunked"}
[debug] [2021-03-30T07:16:53.947Z] >>> [apiv2][query] GET https://firebase.googleapis.com/v1beta1/projects/cp3351-73e9b/adminSdkConfig [none]
[debug] [2021-03-30T07:16:54.746Z] <<< [apiv2][status] GET https://firebase.googleapis.com/v1beta1/projects/cp3351-73e9b/adminSdkConfig 200
[debug] [2021-03-30T07:16:54.746Z] <<< [apiv2][body] GET https://firebase.googleapis.com/v1beta1/projects/cp3351-73e9b/adminSdkConfig {"projectId":"cp3351-73e9b","storageBucket":"cp3351-73e9b.appspot.com","locationId":"europe-west"}
[debug] [2021-03-30T07:16:54.767Z] Ignoring unsupported arg: projectId {"metadata":{"emulator":{"name":"firestore"},"message":"Ignoring unsupported arg: projectId"}}
[debug] [2021-03-30T07:16:54.768Z] Ignoring unsupported arg: auto_download {"metadata":{"emulator":{"name":"firestore"},"message":"Ignoring unsupported arg: auto_download"}}
[debug] [2021-03-30T07:16:54.768Z] Starting Firestore Emulator with command {"binary":"java","args":["-Dgoogle.cloud_firestore.debug_log_level=FINE","-Duser.language=en","-jar","C:\\Users\\user\\.cache\\firebase\\emulators\\cloud-firestore-emulator-v1.11.12.jar","--host","0.0.0.0","--port",8080,"--rules","C:\\Users\\user\\Documents\\2021 Winter\\CP3351-1\\iotApp\\firestore.rules","--functions_emulator","0.0.0.0:5001"],"optionalArgs":["port","webchannel_port","host","rules","functions_emulator","seed_from_export"],"joinArgs":false} {"metadata":{"emulator":{"name":"firestore"},"message":"Starting Firestore Emulator with command {\"binary\":\"java\",\"args\":[\"-Dgoogle.cloud_firestore.debug_log_level=FINE\",\"-Duser.language=en\",\"-jar\",\"C:\\\\Users\\\\user\\\\.cache\\\\firebase\\\\emulators\\\\cloud-firestore-emulator-v1.11.12.jar\",\"--host\",\"0.0.0.0\",\"--port\",8080,\"--rules\",\"C:\\\\Users\\\\user\\\\Documents\\\\2021 Winter\\\\CP3351-1\\\\iotApp\\\\firestore.rules\",\"--functions_emulator\",\"0.0.0.0:5001\"],\"optionalArgs\":[\"port\",\"webchannel_port\",\"host\",\"rules\",\"functions_emulator\",\"seed_from_export\"],\"joinArgs\":false}"}}
[info] i  firestore: Firestore Emulator logging to firestore-debug.log {"metadata":{"emulator":{"name":"firestore"},"message":"Firestore Emulator logging to \u001b[1mfirestore-debug.log\u001b[22m"}}
[debug] [2021-03-30T07:16:54.933Z] <<< [apiv2][status] GET https://firebase-public.firebaseio.com/cli.json 200
[debug] [2021-03-30T07:16:54.933Z] <<< [apiv2][body] GET https://firebase-public.firebaseio.com/cli.json {"cloudBuildErrorAfter":1594252800000,"cloudBuildWarnAfter":1590019200000,"defaultNode10After":1594252800000,"minVersion":"3.0.5","node8DeploysDisabledAfter":1613390400000,"node8RuntimeDisabledAfter":1615809600000,"node8WarnAfter":1600128000000}
[debug] [2021-03-30T07:16:58.595Z] >>> [apiv2][query] GET https://firebase.googleapis.com/v1beta1/projects/cp3351-73e9b/webApps/-/config [none]
[debug] [2021-03-30T07:16:59.959Z] <<< [apiv2][status] GET https://firebase.googleapis.com/v1beta1/projects/cp3351-73e9b/webApps/-/config 200
[debug] [2021-03-30T07:16:59.959Z] <<< [apiv2][body] GET https://firebase.googleapis.com/v1beta1/projects/cp3351-73e9b/webApps/-/config {"projectId":"cp3351-73e9b","appId":"1:761342188736:web:bb5450394e29612a78e125","storageBucket":"cp3351-73e9b.appspot.com","locationId":"europe-west","apiKey":"AIzaSyCT2n9FyFZpzBdM-eefgM3q1NooIOKmUA0","authDomain":"cp3351-73e9b.firebaseapp.com","messagingSenderId":"761342188736","measurementId":"G-W7HKMFEDYR"}
[info] i  hosting: Serving hosting files from: public {"metadata":{"emulator":{"name":"hosting"},"message":"Serving hosting files from: \u001b[1mpublic\u001b[22m"}}
[info] +  hosting: Local server: http://0.0.0.0:5000 {"metadata":{"emulator":{"name":"hosting"},"message":"Local server: \u001b[4m\u001b[1mhttp://0.0.0.0:5000\u001b[22m\u001b[24m"}}
[debug] [2021-03-30T07:16:59.989Z] Ignoring unsupported arg: auto_download {"metadata":{"emulator":{"name":"ui"},"message":"Ignoring unsupported arg: auto_download"}}
[debug] [2021-03-30T07:16:59.989Z] Ignoring unsupported arg: port {"metadata":{"emulator":{"name":"ui"},"message":"Ignoring unsupported arg: port"}}
[debug] [2021-03-30T07:16:59.989Z] Starting Emulator UI with command {"binary":"node","args":["C:\\Users\\user\\.cache\\firebase\\emulators\\ui-v1.4.1\\server.bundle.js"],"optionalArgs":[],"joinArgs":false} {"metadata":{"emulator":{"name":"ui"},"message":"Starting Emulator UI with command {\"binary\":\"node\",\"args\":[\"C:\\\\Users\\\\user\\\\.cache\\\\firebase\\\\emulators\\\\ui-v1.4.1\\\\server.bundle.js\"],\"optionalArgs\":[],\"joinArgs\":false}"}}
[info] i  ui: Emulator UI logging to ui-debug.log {"metadata":{"emulator":{"name":"ui"},"message":"Emulator UI logging to \u001b[1mui-debug.log\u001b[22m"}}
[debug] [2021-03-30T07:17:00.126Z] Web / API server started at http://localhost:4000
 {"metadata":{"emulator":{"name":"ui"},"message":"Web / API server started at http://localhost:4000\n"}}
[info] i  functions: Watching "C:\Users\user\Documents\2021 Winter\CP3351-1\iotApp\functions" for Cloud Functions... {"metadata":{"emulator":{"name":"functions"},"message":"Watching \"C:\\Users\\user\\Documents\\2021 Winter\\CP3351-1\\iotApp\\functions\" for Cloud Functions..."}}
[debug] [2021-03-30T07:17:00.268Z] [worker-pool] addWorker(~diagnostic~) {"metadata":{"emulator":{"name":"functions"},"message":"[worker-pool] addWorker(~diagnostic~)"}}
[debug] [2021-03-30T07:17:00.268Z] [worker-pool] Adding worker with key ~diagnostic~, total=1 {"metadata":{"emulator":{"name":"functions"},"message":"[worker-pool] Adding worker with key ~diagnostic~, total=1"}}
[debug] [2021-03-30T07:17:00.268Z] [worker-pool] submitWork(triggerId=) {"metadata":{"emulator":{"name":"functions"},"message":"[worker-pool] submitWork(triggerId=)"}}
[debug] [2021-03-30T07:17:00.269Z] [worker-~diagnostic~-00050d15-7bd9-4a2b-a3df-760491258fb9]: Assigning socketPath: \\?\pipe\C:\Users\user\Documents\2021 Winter\CP3351-1\iotApp\functions\13288 {"metadata":{"emulator":{"name":"functions"},"message":"[worker-~diagnostic~-00050d15-7bd9-4a2b-a3df-760491258fb9]: Assigning socketPath: \\\\?\\pipe\\C:\\Users\\user\\Documents\\2021 Winter\\CP3351-1\\iotApp\\functions\\13288"}}
[debug] [2021-03-30T07:17:00.270Z] [worker-~diagnostic~-00050d15-7bd9-4a2b-a3df-760491258fb9]: BUSY {"metadata":{"emulator":{"name":"functions"},"message":"[worker-~diagnostic~-00050d15-7bd9-4a2b-a3df-760491258fb9]: BUSY"}}
[debug] [2021-03-30T07:17:00.468Z] [runtime-status] [13288] Functions runtime initialized. {"cwd":"C:\\Users\\user\\Documents\\2021 Winter\\CP3351-1\\iotApp\\functions","node_version":"14.15.3"} {"metadata":{"emulator":{"name":"functions"},"message":"[runtime-status] [13288] Functions runtime initialized. {\"cwd\":\"C:\\\\Users\\\\user\\\\Documents\\\\2021 Winter\\\\CP3351-1\\\\iotApp\\\\functions\",\"node_version\":\"14.15.3\"}"}}
[debug] [2021-03-30T07:17:00.470Z] [runtime-status] [13288] Disabled runtime features: undefined {"metadata":{"emulator":{"name":"functions"},"message":"[runtime-status] [13288] Disabled runtime features: undefined"}}
[debug] [2021-03-30T07:17:00.473Z] [runtime-status] [13288] Resolved module firebase-admin {"declared":true,"installed":true,"version":"9.5.0","resolution":"C:\\Users\\user\\Documents\\2021 Winter\\CP3351-1\\iotApp\\functions\\node_modules\\firebase-admin\\lib\\index.js"} {"metadata":{"emulator":{"name":"functions"},"message":"[runtime-status] [13288] Resolved module firebase-admin {\"declared\":true,\"installed\":true,\"version\":\"9.5.0\",\"resolution\":\"C:\\\\Users\\\\user\\\\Documents\\\\2021 Winter\\\\CP3351-1\\\\iotApp\\\\functions\\\\node_modules\\\\firebase-admin\\\\lib\\\\index.js\"}"}}
[debug] [2021-03-30T07:17:00.475Z] [runtime-status] [13288] Resolved module firebase-functions {"declared":true,"installed":true,"version":"3.13.2","resolution":"C:\\Users\\user\\Documents\\2021 Winter\\CP3351-1\\iotApp\\functions\\node_modules\\firebase-functions\\lib\\index.js"} {"metadata":{"emulator":{"name":"functions"},"message":"[runtime-status] [13288] Resolved module firebase-functions {\"declared\":true,\"installed\":true,\"version\":\"3.13.2\",\"resolution\":\"C:\\\\Users\\\\user\\\\Documents\\\\2021 Winter\\\\CP3351-1\\\\iotApp\\\\functions\\\\node_modules\\\\firebase-functions\\\\lib\\\\index.js\"}"}}
[debug] [2021-03-30T07:17:00.477Z] [runtime-status] [13288] Resolved module firebase-functions {"declared":true,"installed":true,"version":"3.13.2","resolution":"C:\\Users\\user\\Documents\\2021 Winter\\CP3351-1\\iotApp\\functions\\node_modules\\firebase-functions\\lib\\index.js"} {"metadata":{"emulator":{"name":"functions"},"message":"[runtime-status] [13288] Resolved module firebase-functions {\"declared\":true,\"installed\":true,\"version\":\"3.13.2\",\"resolution\":\"C:\\\\Users\\\\user\\\\Documents\\\\2021 Winter\\\\CP3351-1\\\\iotApp\\\\functions\\\\node_modules\\\\firebase-functions\\\\lib\\\\index.js\"}"}}
[debug] [2021-03-30T07:17:00.479Z] [runtime-status] [13288] Outgoing network have been stubbed. [{"name":"http","status":"mocked"},{"name":"http","status":"mocked"},{"name":"https","status":"mocked"},{"name":"https","status":"mocked"},{"name":"net","status":"mocked"}] {"metadata":{"emulator":{"name":"functions"},"message":"[runtime-status] [13288] Outgoing network have been stubbed. [{\"name\":\"http\",\"status\":\"mocked\"},{\"name\":\"http\",\"status\":\"mocked\"},{\"name\":\"https\",\"status\":\"mocked\"},{\"name\":\"https\",\"status\":\"mocked\"},{\"name\":\"net\",\"status\":\"mocked\"}]"}}
[debug] [2021-03-30T07:17:00.479Z] [runtime-status] [13288] Resolved module firebase-functions {"declared":true,"installed":true,"version":"3.13.2","resolution":"C:\\Users\\user\\Documents\\2021 Winter\\CP3351-1\\iotApp\\functions\\node_modules\\firebase-functions\\lib\\index.js"} {"metadata":{"emulator":{"name":"functions"},"message":"[runtime-status] [13288] Resolved module firebase-functions {\"declared\":true,\"installed\":true,\"version\":\"3.13.2\",\"resolution\":\"C:\\\\Users\\\\user\\\\Documents\\\\2021 Winter\\\\CP3351-1\\\\iotApp\\\\functions\\\\node_modules\\\\firebase-functions\\\\lib\\\\index.js\"}"}}
[debug] [2021-03-30T07:17:00.550Z] [runtime-status] [13288] Checked functions.config() {"config":{}} {"metadata":{"emulator":{"name":"functions"},"message":"[runtime-status] [13288] Checked functions.config() {\"config\":{}}"}}
[debug] [2021-03-30T07:17:00.550Z] [runtime-status] [13288] firebase-functions has been stubbed. {"functionsResolution":{"declared":true,"installed":true,"version":"3.13.2","resolution":"C:\\Users\\user\\Documents\\2021 Winter\\CP3351-1\\iotApp\\functions\\node_modules\\firebase-functions\\lib\\index.js"}} {"metadata":{"emulator":{"name":"functions"},"message":"[runtime-status] [13288] firebase-functions has been stubbed. {\"functionsResolution\":{\"declared\":true,\"installed\":true,\"version\":\"3.13.2\",\"resolution\":\"C:\\\\Users\\\\user\\\\Documents\\\\2021 Winter\\\\CP3351-1\\\\iotApp\\\\functions\\\\node_modules\\\\firebase-functions\\\\lib\\\\index.js\"}}"}}
[debug] [2021-03-30T07:17:00.550Z] [runtime-status] [13288] Resolved module firebase-functions {"declared":true,"installed":true,"version":"3.13.2","resolution":"C:\\Users\\user\\Documents\\2021 Winter\\CP3351-1\\iotApp\\functions\\node_modules\\firebase-functions\\lib\\index.js"} {"metadata":{"emulator":{"name":"functions"},"message":"[runtime-status] [13288] Resolved module firebase-functions {\"declared\":true,\"installed\":true,\"version\":\"3.13.2\",\"resolution\":\"C:\\\\Users\\\\user\\\\Documents\\\\2021 Winter\\\\CP3351-1\\\\iotApp\\\\functions\\\\node_modules\\\\firebase-functions\\\\lib\\\\index.js\"}"}}
[debug] [2021-03-30T07:17:00.551Z] [runtime-status] [13288] Resolved module firebase-admin {"declared":true,"installed":true,"version":"9.5.0","resolution":"C:\\Users\\user\\Documents\\2021 Winter\\CP3351-1\\iotApp\\functions\\node_modules\\firebase-admin\\lib\\index.js"} {"metadata":{"emulator":{"name":"functions"},"message":"[runtime-status] [13288] Resolved module firebase-admin {\"declared\":true,\"installed\":true,\"version\":\"9.5.0\",\"resolution\":\"C:\\\\Users\\\\user\\\\Documents\\\\2021 Winter\\\\CP3351-1\\\\iotApp\\\\functions\\\\node_modules\\\\firebase-admin\\\\lib\\\\index.js\"}"}}
[debug] [2021-03-30T07:17:00.552Z] [runtime-status] [13288] Resolved module firebase-functions {"declared":true,"installed":true,"version":"3.13.2","resolution":"C:\\Users\\user\\Documents\\2021 Winter\\CP3351-1\\iotApp\\functions\\node_modules\\firebase-functions\\lib\\index.js"} {"metadata":{"emulator":{"name":"functions"},"message":"[runtime-status] [13288] Resolved module firebase-functions {\"declared\":true,\"installed\":true,\"version\":\"3.13.2\",\"resolution\":\"C:\\\\Users\\\\user\\\\Documents\\\\2021 Winter\\\\CP3351-1\\\\iotApp\\\\functions\\\\node_modules\\\\firebase-functions\\\\lib\\\\index.js\"}"}}
[debug] [2021-03-30T07:17:00.552Z] [runtime-status] [13288] firebase-admin has been stubbed. {"adminResolution":{"declared":true,"installed":true,"version":"9.5.0","resolution":"C:\\Users\\user\\Documents\\2021 Winter\\CP3351-1\\iotApp\\functions\\node_modules\\firebase-admin\\lib\\index.js"}} {"metadata":{"emulator":{"name":"functions"},"message":"[runtime-status] [13288] firebase-admin has been stubbed. {\"adminResolution\":{\"declared\":true,\"installed\":true,\"version\":\"9.5.0\",\"resolution\":\"C:\\\\Users\\\\user\\\\Documents\\\\2021 Winter\\\\CP3351-1\\\\iotApp\\\\functions\\\\node_modules\\\\firebase-admin\\\\lib\\\\index.js\"}}"}}
[debug] [2021-03-30T07:17:00.566Z] [runtime-status] [13288] initializeApp(DEFAULT) {"storageBucket":"cp3351-73e9b.appspot.com","projectId":"cp3351-73e9b"} {"metadata":{"emulator":{"name":"functions"},"message":"[runtime-status] [13288] initializeApp(DEFAULT) {\"storageBucket\":\"cp3351-73e9b.appspot.com\",\"projectId\":\"cp3351-73e9b\"}"}}
[debug] [2021-03-30T07:17:00.646Z] [runtime-status] [13288] auth.setJwtVerificationEnabled not available {"metadata":{"emulator":{"name":"functions"},"message":"[runtime-status] [13288] auth.setJwtVerificationEnabled not available"}}
[info] +  functions[findAuthUser]: http function initialized (http://0.0.0.0:5001/cp3351-73e9b/us-central1/findAuthUser). {"metadata":{"emulator":{"name":"functions"},"message":"\u001b[1mhttp\u001b[22m function initialized (http://0.0.0.0:5001/cp3351-73e9b/us-central1/findAuthUser)."}}
[info] +  functions[createSampleData]: http function initialized (http://0.0.0.0:5001/cp3351-73e9b/us-central1/createSampleData). {"metadata":{"emulator":{"name":"functions"},"message":"\u001b[1mhttp\u001b[22m function initialized (http://0.0.0.0:5001/cp3351-73e9b/us-central1/createSampleData)."}}
[debug] [2021-03-30T07:17:01.219Z] addFirestoreTrigger "{\"eventTrigger\":{\"resource\":\"projects/cp3351-73e9b/databases/(default)/documents/sensors/{sensorid}/readings/{readingid}\",\"eventType\":\"providers/cloud.firestore/eventTypes/document.create\",\"service\":\"firestore.googleapis.com\"}}"
[debug] [2021-03-30T07:17:01.220Z] >>> HTTP REQUEST PUT http://0.0.0.0:8080/emulator/v1/projects/cp3351-73e9b/triggers/onNewReading-0  
 {"eventTrigger":{"resource":"projects/cp3351-73e9b/databases/(default)/documents/sensors/{sensorid}/readings/{readingid}","eventType":"providers/cloud.firestore/eventTypes/document.create","service":"firestore.googleapis.com"}}
[debug] [2021-03-30T07:17:01.221Z] [worker-~diagnostic~-00050d15-7bd9-4a2b-a3df-760491258fb9]: IDLE {"metadata":{"emulator":{"name":"functions"},"message":"[worker-~diagnostic~-00050d15-7bd9-4a2b-a3df-760491258fb9]: IDLE"}}
[debug] [2021-03-30T07:17:02.187Z] <<< HTTP RESPONSE 200 {"content-type":"application/json","content-length":"4"}
[info] +  functions[onNewReading]: firestore function initialized. {"metadata":{"emulator":{"name":"functions"},"message":"\u001b[1mfirestore\u001b[22m function initialized."}}
[info] 
┌─────────────────────────────────────────────────────────────┐
│ ✔  All emulators ready! It is now safe to connect your app. │
│ i  View Emulator UI at http://localhost:4000                │
└─────────────────────────────────────────────────────────────┘

┌────────────────┬──────────────┬─────────────────────────────────┐
│ Emulator       │ Host:Port    │ View in Emulator UI             │
├────────────────┼──────────────┼─────────────────────────────────┤
│ Authentication │ 0.0.0.0:9099 │ http://localhost:4000/auth      │
├────────────────┼──────────────┼─────────────────────────────────┤
│ Functions      │ 0.0.0.0:5001 │ http://localhost:4000/functions │
├────────────────┼──────────────┼─────────────────────────────────┤
│ Firestore      │ 0.0.0.0:8080 │ http://localhost:4000/firestore │
├────────────────┼──────────────┼─────────────────────────────────┤
│ Hosting        │ 0.0.0.0:5000 │ n/a                             │
└────────────────┴──────────────┴─────────────────────────────────┘
  Emulator Hub running at localhost:4400
  Other reserved ports: 4500

Issues? Report them at https://github.com/firebase/firebase-tools/issues and attach the *-debug.log files.
 
[debug] [2021-03-30T07:25:56.754Z] Received signal SIGHUP 1
